<?xml version="1.0" encoding="UTF-8"?>
<!-- Generated by org.testng.reporters.JUnitReportReporter -->
<testsuite hostname="HSC-J33TZF2" failures="0" tests="3" name="com.icin.bank.AdminPortalPositiveTests" time="59.390" errors="0" timestamp="28 May 2021 04:54:09 GMT" skipped="0">
  <testcase classname="com.icin.bank.AdminPortalPositiveTests" name="loginTest" time="17.830"/>
  <testcase classname="com.icin.bank.AdminPortalPositiveTests" name="diableUserTest" time="19.457"/>
  <testcase classname="com.icin.bank.AdminPortalPositiveTests" name="enableUserTest" time="22.103"/>
</testsuite> <!-- com.icin.bank.AdminPortalPositiveTests -->
